<?xml version="1.0" encoding="UTF-8"?>
<testsuite xmlns:xsi="http://www.w3.org/2001/XMLSchema-instance" xsi:noNamespaceSchemaLocation="https://maven.apache.org/surefire/maven-surefire-plugin/xsd/surefire-test-report.xsd" name="inspectbigquerytable.AppTest" time="0.025" tests="1" errors="0" skipped="0" failures="0">
  <properties>
    <property name="java.specification.version" value="16"/>
    <property name="sun.jnu.encoding" value="UTF-8"/>
    <property name="java.class.path" value="/Users/refayathaque/devops-on-GCP-with-tf-and-github/demo-3/microservice/inspectbigquerytable/target/test-classes:/Users/refayathaque/devops-on-GCP-with-tf-and-github/demo-3/microservice/inspectbigquerytable/target/classes:/Users/refayathaque/.m2/repository/junit/junit/4.13.2/junit-4.13.2.jar:/Users/refayathaque/.m2/repository/org/hamcrest/hamcrest-core/1.3/hamcrest-core-1.3.jar:/Users/refayathaque/.m2/repository/com/google/cloud/google-cloud-dlp/3.0.8/google-cloud-dlp-3.0.8.jar:/Users/refayathaque/.m2/repository/io/grpc/grpc-api/1.40.1/grpc-api-1.40.1.jar:/Users/refayathaque/.m2/repository/io/grpc/grpc-context/1.40.1/grpc-context-1.40.1.jar:/Users/refayathaque/.m2/repository/com/google/code/findbugs/jsr305/3.0.2/jsr305-3.0.2.jar:/Users/refayathaque/.m2/repository/io/grpc/grpc-stub/1.40.1/grpc-stub-1.40.1.jar:/Users/refayathaque/.m2/repository/io/grpc/grpc-protobuf/1.40.1/grpc-protobuf-1.40.1.jar:/Users/refayathaque/.m2/repository/io/grpc/grpc-protobuf-lite/1.40.1/grpc-protobuf-lite-1.40.1.jar:/Users/refayathaque/.m2/repository/com/google/api/api-common/2.0.2/api-common-2.0.2.jar:/Users/refayathaque/.m2/repository/javax/annotation/javax.annotation-api/1.3.2/javax.annotation-api-1.3.2.jar:/Users/refayathaque/.m2/repository/com/google/auto/value/auto-value-annotations/1.8.2/auto-value-annotations-1.8.2.jar:/Users/refayathaque/.m2/repository/com/google/protobuf/protobuf-java/3.17.3/protobuf-java-3.17.3.jar:/Users/refayathaque/.m2/repository/com/google/api/grpc/proto-google-common-protos/2.5.0/proto-google-common-protos-2.5.0.jar:/Users/refayathaque/.m2/repository/com/google/api/grpc/proto-google-cloud-dlp-v2/3.0.8/proto-google-cloud-dlp-v2-3.0.8.jar:/Users/refayathaque/.m2/repository/com/google/guava/guava/30.1.1-jre/guava-30.1.1-jre.jar:/Users/refayathaque/.m2/repository/com/google/guava/failureaccess/1.0.1/failureaccess-1.0.1.jar:/Users/refayathaque/.m2/repository/com/google/guava/listenablefuture/9999.0-empty-to-avoid-conflict-with-guava/listenablefuture-9999.0-empty-to-avoid-conflict-with-guava.jar:/Users/refayathaque/.m2/repository/org/checkerframework/checker-qual/3.8.0/checker-qual-3.8.0.jar:/Users/refayathaque/.m2/repository/com/google/errorprone/error_prone_annotations/2.9.0/error_prone_annotations-2.9.0.jar:/Users/refayathaque/.m2/repository/com/google/j2objc/j2objc-annotations/1.3/j2objc-annotations-1.3.jar:/Users/refayathaque/.m2/repository/com/google/api/gax/2.5.0/gax-2.5.0.jar:/Users/refayathaque/.m2/repository/com/google/auth/google-auth-library-oauth2-http/1.1.0/google-auth-library-oauth2-http-1.1.0.jar:/Users/refayathaque/.m2/repository/com/google/http-client/google-http-client/1.40.0/google-http-client-1.40.0.jar:/Users/refayathaque/.m2/repository/org/apache/httpcomponents/httpclient/4.5.13/httpclient-4.5.13.jar:/Users/refayathaque/.m2/repository/commons-logging/commons-logging/1.2/commons-logging-1.2.jar:/Users/refayathaque/.m2/repository/commons-codec/commons-codec/1.15/commons-codec-1.15.jar:/Users/refayathaque/.m2/repository/org/apache/httpcomponents/httpcore/4.4.14/httpcore-4.4.14.jar:/Users/refayathaque/.m2/repository/io/opencensus/opencensus-contrib-http-util/0.28.0/opencensus-contrib-http-util-0.28.0.jar:/Users/refayathaque/.m2/repository/com/google/http-client/google-http-client-gson/1.40.0/google-http-client-gson-1.40.0.jar:/Users/refayathaque/.m2/repository/com/google/code/gson/gson/2.8.8/gson-2.8.8.jar:/Users/refayathaque/.m2/repository/io/opencensus/opencensus-api/0.28.0/opencensus-api-0.28.0.jar:/Users/refayathaque/.m2/repository/com/google/api/gax-grpc/2.5.0/gax-grpc-2.5.0.jar:/Users/refayathaque/.m2/repository/io/grpc/grpc-auth/1.40.1/grpc-auth-1.40.1.jar:/Users/refayathaque/.m2/repository/com/google/auth/google-auth-library-credentials/1.1.0/google-auth-library-credentials-1.1.0.jar:/Users/refayathaque/.m2/repository/io/grpc/grpc-netty-shaded/1.40.1/grpc-netty-shaded-1.40.1.jar:/Users/refayathaque/.m2/repository/io/perfmark/perfmark-api/0.23.0/perfmark-api-0.23.0.jar:/Users/refayathaque/.m2/repository/io/grpc/grpc-core/1.40.1/grpc-core-1.40.1.jar:/Users/refayathaque/.m2/repository/com/google/android/annotations/4.1.1.4/annotations-4.1.1.4.jar:/Users/refayathaque/.m2/repository/org/codehaus/mojo/animal-sniffer-annotations/1.20/animal-sniffer-annotations-1.20.jar:/Users/refayathaque/.m2/repository/io/grpc/grpc-alts/1.40.1/grpc-alts-1.40.1.jar:/Users/refayathaque/.m2/repository/io/grpc/grpc-grpclb/1.40.1/grpc-grpclb-1.40.1.jar:/Users/refayathaque/.m2/repository/com/google/protobuf/protobuf-java-util/3.17.3/protobuf-java-util-3.17.3.jar:/Users/refayathaque/.m2/repository/org/conscrypt/conscrypt-openjdk-uber/2.5.1/conscrypt-openjdk-uber-2.5.1.jar:/Users/refayathaque/.m2/repository/org/threeten/threetenbp/1.5.1/threetenbp-1.5.1.jar:/Users/refayathaque/.m2/repository/com/google/cloud/google-cloud-pubsub/1.114.6/google-cloud-pubsub-1.114.6.jar:/Users/refayathaque/.m2/repository/com/google/api/grpc/proto-google-cloud-pubsub-v1/1.96.6/proto-google-cloud-pubsub-v1-1.96.6.jar:/Users/refayathaque/.m2/repository/com/google/api/grpc/proto-google-iam-v1/1.1.2/proto-google-iam-v1-1.1.2.jar:/Users/refayathaque/.m2/repository/com/google/truth/truth/1.1.3/truth-1.1.3.jar:/Users/refayathaque/.m2/repository/org/ow2/asm/asm/9.1/asm-9.1.jar:"/>
    <property name="java.vm.vendor" value="Homebrew"/>
    <property name="sun.arch.data.model" value="64"/>
    <property name="java.vendor.url" value="https://github.com/Homebrew/homebrew-core/issues"/>
    <property name="os.name" value="Mac OS X"/>
    <property name="java.vm.specification.version" value="16"/>
    <property name="sun.java.launcher" value="SUN_STANDARD"/>
    <property name="user.country" value="US"/>
    <property name="sun.boot.library.path" value="/usr/local/Cellar/openjdk/16.0.2/libexec/openjdk.jdk/Contents/Home/lib"/>
    <property name="sun.java.command" value="/Users/refayathaque/devops-on-GCP-with-tf-and-github/demo-3/microservice/inspectbigquerytable/target/surefire/surefirebooter64896346433645658.jar /Users/refayathaque/devops-on-GCP-with-tf-and-github/demo-3/microservice/inspectbigquerytable/target/surefire 2021-10-18T15-23-17_803-jvmRun1 surefire5766579259709824509tmp surefire_016277668196908114008tmp"/>
    <property name="http.nonProxyHosts" value="local|*.local|169.254/16|*.169.254/16"/>
    <property name="jdk.debug" value="release"/>
    <property name="surefire.test.class.path" value="/Users/refayathaque/devops-on-GCP-with-tf-and-github/demo-3/microservice/inspectbigquerytable/target/test-classes:/Users/refayathaque/devops-on-GCP-with-tf-and-github/demo-3/microservice/inspectbigquerytable/target/classes:/Users/refayathaque/.m2/repository/junit/junit/4.13.2/junit-4.13.2.jar:/Users/refayathaque/.m2/repository/org/hamcrest/hamcrest-core/1.3/hamcrest-core-1.3.jar:/Users/refayathaque/.m2/repository/com/google/cloud/google-cloud-dlp/3.0.8/google-cloud-dlp-3.0.8.jar:/Users/refayathaque/.m2/repository/io/grpc/grpc-api/1.40.1/grpc-api-1.40.1.jar:/Users/refayathaque/.m2/repository/io/grpc/grpc-context/1.40.1/grpc-context-1.40.1.jar:/Users/refayathaque/.m2/repository/com/google/code/findbugs/jsr305/3.0.2/jsr305-3.0.2.jar:/Users/refayathaque/.m2/repository/io/grpc/grpc-stub/1.40.1/grpc-stub-1.40.1.jar:/Users/refayathaque/.m2/repository/io/grpc/grpc-protobuf/1.40.1/grpc-protobuf-1.40.1.jar:/Users/refayathaque/.m2/repository/io/grpc/grpc-protobuf-lite/1.40.1/grpc-protobuf-lite-1.40.1.jar:/Users/refayathaque/.m2/repository/com/google/api/api-common/2.0.2/api-common-2.0.2.jar:/Users/refayathaque/.m2/repository/javax/annotation/javax.annotation-api/1.3.2/javax.annotation-api-1.3.2.jar:/Users/refayathaque/.m2/repository/com/google/auto/value/auto-value-annotations/1.8.2/auto-value-annotations-1.8.2.jar:/Users/refayathaque/.m2/repository/com/google/protobuf/protobuf-java/3.17.3/protobuf-java-3.17.3.jar:/Users/refayathaque/.m2/repository/com/google/api/grpc/proto-google-common-protos/2.5.0/proto-google-common-protos-2.5.0.jar:/Users/refayathaque/.m2/repository/com/google/api/grpc/proto-google-cloud-dlp-v2/3.0.8/proto-google-cloud-dlp-v2-3.0.8.jar:/Users/refayathaque/.m2/repository/com/google/guava/guava/30.1.1-jre/guava-30.1.1-jre.jar:/Users/refayathaque/.m2/repository/com/google/guava/failureaccess/1.0.1/failureaccess-1.0.1.jar:/Users/refayathaque/.m2/repository/com/google/guava/listenablefuture/9999.0-empty-to-avoid-conflict-with-guava/listenablefuture-9999.0-empty-to-avoid-conflict-with-guava.jar:/Users/refayathaque/.m2/repository/org/checkerframework/checker-qual/3.8.0/checker-qual-3.8.0.jar:/Users/refayathaque/.m2/repository/com/google/errorprone/error_prone_annotations/2.9.0/error_prone_annotations-2.9.0.jar:/Users/refayathaque/.m2/repository/com/google/j2objc/j2objc-annotations/1.3/j2objc-annotations-1.3.jar:/Users/refayathaque/.m2/repository/com/google/api/gax/2.5.0/gax-2.5.0.jar:/Users/refayathaque/.m2/repository/com/google/auth/google-auth-library-oauth2-http/1.1.0/google-auth-library-oauth2-http-1.1.0.jar:/Users/refayathaque/.m2/repository/com/google/http-client/google-http-client/1.40.0/google-http-client-1.40.0.jar:/Users/refayathaque/.m2/repository/org/apache/httpcomponents/httpclient/4.5.13/httpclient-4.5.13.jar:/Users/refayathaque/.m2/repository/commons-logging/commons-logging/1.2/commons-logging-1.2.jar:/Users/refayathaque/.m2/repository/commons-codec/commons-codec/1.15/commons-codec-1.15.jar:/Users/refayathaque/.m2/repository/org/apache/httpcomponents/httpcore/4.4.14/httpcore-4.4.14.jar:/Users/refayathaque/.m2/repository/io/opencensus/opencensus-contrib-http-util/0.28.0/opencensus-contrib-http-util-0.28.0.jar:/Users/refayathaque/.m2/repository/com/google/http-client/google-http-client-gson/1.40.0/google-http-client-gson-1.40.0.jar:/Users/refayathaque/.m2/repository/com/google/code/gson/gson/2.8.8/gson-2.8.8.jar:/Users/refayathaque/.m2/repository/io/opencensus/opencensus-api/0.28.0/opencensus-api-0.28.0.jar:/Users/refayathaque/.m2/repository/com/google/api/gax-grpc/2.5.0/gax-grpc-2.5.0.jar:/Users/refayathaque/.m2/repository/io/grpc/grpc-auth/1.40.1/grpc-auth-1.40.1.jar:/Users/refayathaque/.m2/repository/com/google/auth/google-auth-library-credentials/1.1.0/google-auth-library-credentials-1.1.0.jar:/Users/refayathaque/.m2/repository/io/grpc/grpc-netty-shaded/1.40.1/grpc-netty-shaded-1.40.1.jar:/Users/refayathaque/.m2/repository/io/perfmark/perfmark-api/0.23.0/perfmark-api-0.23.0.jar:/Users/refayathaque/.m2/repository/io/grpc/grpc-core/1.40.1/grpc-core-1.40.1.jar:/Users/refayathaque/.m2/repository/com/google/android/annotations/4.1.1.4/annotations-4.1.1.4.jar:/Users/refayathaque/.m2/repository/org/codehaus/mojo/animal-sniffer-annotations/1.20/animal-sniffer-annotations-1.20.jar:/Users/refayathaque/.m2/repository/io/grpc/grpc-alts/1.40.1/grpc-alts-1.40.1.jar:/Users/refayathaque/.m2/repository/io/grpc/grpc-grpclb/1.40.1/grpc-grpclb-1.40.1.jar:/Users/refayathaque/.m2/repository/com/google/protobuf/protobuf-java-util/3.17.3/protobuf-java-util-3.17.3.jar:/Users/refayathaque/.m2/repository/org/conscrypt/conscrypt-openjdk-uber/2.5.1/conscrypt-openjdk-uber-2.5.1.jar:/Users/refayathaque/.m2/repository/org/threeten/threetenbp/1.5.1/threetenbp-1.5.1.jar:/Users/refayathaque/.m2/repository/com/google/cloud/google-cloud-pubsub/1.114.6/google-cloud-pubsub-1.114.6.jar:/Users/refayathaque/.m2/repository/com/google/api/grpc/proto-google-cloud-pubsub-v1/1.96.6/proto-google-cloud-pubsub-v1-1.96.6.jar:/Users/refayathaque/.m2/repository/com/google/api/grpc/proto-google-iam-v1/1.1.2/proto-google-iam-v1-1.1.2.jar:/Users/refayathaque/.m2/repository/com/google/truth/truth/1.1.3/truth-1.1.3.jar:/Users/refayathaque/.m2/repository/org/ow2/asm/asm/9.1/asm-9.1.jar:"/>
    <property name="sun.cpu.endian" value="little"/>
    <property name="user.home" value="/Users/refayathaque"/>
    <property name="user.language" value="en"/>
    <property name="java.specification.vendor" value="Oracle Corporation"/>
    <property name="java.version.date" value="2021-07-20"/>
    <property name="java.home" value="/usr/local/Cellar/openjdk/16.0.2/libexec/openjdk.jdk/Contents/Home"/>
    <property name="file.separator" value="/"/>
    <property name="basedir" value="/Users/refayathaque/devops-on-GCP-with-tf-and-github/demo-3/microservice/inspectbigquerytable"/>
    <property name="java.vm.compressedOopsMode" value="Zero based"/>
    <property name="line.separator" value="&#10;"/>
    <property name="java.specification.name" value="Java Platform API Specification"/>
    <property name="java.vm.specification.vendor" value="Oracle Corporation"/>
    <property name="surefire.real.class.path" value="/Users/refayathaque/devops-on-GCP-with-tf-and-github/demo-3/microservice/inspectbigquerytable/target/surefire/surefirebooter64896346433645658.jar"/>
    <property name="sun.management.compiler" value="HotSpot 64-Bit Tiered Compilers"/>
    <property name="ftp.nonProxyHosts" value="local|*.local|169.254/16|*.169.254/16"/>
    <property name="java.runtime.version" value="16.0.2+0"/>
    <property name="user.name" value="refayathaque"/>
    <property name="path.separator" value=":"/>
    <property name="os.version" value="11.6"/>
    <property name="java.runtime.name" value="OpenJDK Runtime Environment"/>
    <property name="file.encoding" value="UTF-8"/>
    <property name="java.vm.name" value="OpenJDK 64-Bit Server VM"/>
    <property name="java.vendor.version" value="Homebrew"/>
    <property name="localRepository" value="/Users/refayathaque/.m2/repository"/>
    <property name="java.vendor.url.bug" value="https://github.com/Homebrew/homebrew-core/issues"/>
    <property name="java.io.tmpdir" value="/var/folders/q0/56r44mxd6jl1jb8ph7ssz3t40000gn/T/"/>
    <property name="java.version" value="16.0.2"/>
    <property name="user.dir" value="/Users/refayathaque/devops-on-GCP-with-tf-and-github/demo-3/microservice/inspectbigquerytable"/>
    <property name="os.arch" value="x86_64"/>
    <property name="java.vm.specification.name" value="Java Virtual Machine Specification"/>
    <property name="java.library.path" value="/Users/refayathaque/Library/Java/Extensions:/Library/Java/Extensions:/Network/Library/Java/Extensions:/System/Library/Java/Extensions:/usr/lib/java:."/>
    <property name="java.vm.info" value="mixed mode, sharing"/>
    <property name="java.vendor" value="Homebrew"/>
    <property name="java.vm.version" value="16.0.2+0"/>
    <property name="sun.io.unicode.encoding" value="UnicodeBig"/>
    <property name="socksNonProxyHosts" value="local|*.local|169.254/16|*.169.254/16"/>
    <property name="java.class.version" value="60.0"/>
  </properties>
  <testcase name="testApp" classname="inspectbigquerytable.AppTest" time="0.001"/>
</testsuite>